{
  "RSpec": {
    "coverage": {
      "/Users/richardturney/Documents/Projects/Bank_tech_test/spec/bank_spec.rb": {
        "lines": [
          null,
          null,
          1,
          null,
          1,
          1,
          2,
          null,
          null,
          1,
          1,
          1,
          null,
          null,
          null,
          1,
          1,
          1,
          1,
          null,
          null,
          null
        ]
      },
      "/Users/richardturney/Documents/Projects/Bank_tech_test/lib/bank.rb": {
        "lines": [
          null,
          null,
          null,
          1,
          1,
          null,
          1,
          2,
          null,
          null,
          1,
          1,
          null,
          null
        ]
      }
    },
    "timestamp": 1615213346
  }
}
